{"/Users/ferhatsahin/Desktop/projects/gql-product-card/server/src/resolvers.js": {"path":"/Users/ferhatsahin/Desktop/projects/gql-product-card/server/src/resolvers.js","statementMap":{"0":{"start":{"line":1,"column":17},"end":{"line":1,"column":50}},"1":{"start":{"line":2,"column":0},"end":{"line":6,"column":1}},"2":{"start":{"line":4,"column":20},"end":{"line":4,"column":28}}},"fnMap":{"0":{"name":"(anonymous_0)","decl":{"start":{"line":4,"column":14},"end":{"line":4,"column":15}},"loc":{"start":{"line":4,"column":20},"end":{"line":4,"column":28}},"line":4}},"branchMap":{},"s":{"0":1,"1":1,"2":1},"f":{"0":1},"b":{},"_coverageSchema":"1a1c01bbd47fc00a2c39e90264f33305004495a9","hash":"9e6afc61374bf484330f844731ea2051b1213aac"}
,"/Users/ferhatsahin/Desktop/projects/gql-product-card/server/src/datasources/products.js": {"path":"/Users/ferhatsahin/Desktop/projects/gql-product-card/server/src/datasources/products.js","statementMap":{"0":{"start":{"line":1,"column":18},"end":{"line":50,"column":1}},"1":{"start":{"line":52,"column":0},"end":{"line":52,"column":25}}},"fnMap":{},"branchMap":{},"s":{"0":1,"1":1},"f":{},"b":{},"_coverageSchema":"1a1c01bbd47fc00a2c39e90264f33305004495a9","hash":"a94c1e15549631a7a59a8258072fedc63e309971"}
}
